2024/02/26 10:32:33 [notice] 1#1: signal 3 (SIGQUIT) received, shutting down
2024/02/26 10:32:33 [notice] 21#21: gracefully shutting down
2024/02/26 10:32:33 [notice] 23#23: gracefully shutting down
2024/02/26 10:32:33 [notice] 24#24: gracefully shutting down
2024/02/26 10:32:33 [notice] 21#21: exiting
2024/02/26 10:32:33 [notice] 23#23: exiting
2024/02/26 10:32:33 [notice] 24#24: exiting
2024/02/26 10:32:33 [notice] 21#21: exit
2024/02/26 10:32:33 [notice] 23#23: exit
2024/02/26 10:32:33 [notice] 24#24: exit
2024/02/26 10:32:33 [notice] 22#22: gracefully shutting down
2024/02/26 10:32:33 [notice] 22#22: exiting
2024/02/26 10:32:33 [notice] 1#1: signal 17 (SIGCHLD) received from 23
2024/02/26 10:32:33 [notice] 1#1: worker process 21 exited with code 0
2024/02/26 10:32:33 [notice] 1#1: worker process 23 exited with code 0
2024/02/26 10:32:33 [notice] 1#1: worker process 24 exited with code 0
2024/02/26 10:32:33 [notice] 22#22: exit
2024/02/26 10:32:33 [notice] 1#1: signal 29 (SIGIO) received
2024/02/26 10:32:33 [notice] 1#1: signal 17 (SIGCHLD) received from 21
2024/02/26 10:32:33 [notice] 1#1: signal 17 (SIGCHLD) received from 22
2024/02/26 10:32:33 [notice] 1#1: worker process 22 exited with code 0
2024/02/26 10:32:33 [notice] 1#1: exit
2024/02/26 10:33:55 [notice] 1#1: using the "epoll" event method
2024/02/26 10:33:55 [notice] 1#1: nginx/1.25.4
2024/02/26 10:33:55 [notice] 1#1: built by gcc 12.2.0 (Debian 12.2.0-14) 
2024/02/26 10:33:55 [notice] 1#1: OS: Linux 5.10.0-17-amd64
2024/02/26 10:33:55 [notice] 1#1: getrlimit(RLIMIT_NOFILE): 1048576:1048576
2024/02/26 10:33:55 [notice] 1#1: start worker processes
2024/02/26 10:33:55 [notice] 1#1: start worker process 20
2024/02/26 10:33:55 [notice] 1#1: start worker process 21
2024/02/26 10:33:55 [notice] 1#1: start worker process 22
2024/02/26 10:33:55 [notice] 1#1: start worker process 23
2024/02/26 10:34:06 [error] 20#20: *1 "/var/www/hello.dev/hello.dev/index.php" is not found (2: No such file or directory), client: 172.16.0.231, server: hello.dev, request: "GET /hello.dev/ HTTP/1.1", host: "172.16.1.78:880"
2024/02/26 10:34:06 [error] 20#20: *1 open() "/var/www/hello.dev/favicon.ico" failed (2: No such file or directory), client: 172.16.0.231, server: hello.dev, request: "GET /favicon.ico HTTP/1.1", host: "172.16.1.78:880", referrer: "http://172.16.1.78:880/hello.dev/"
2024/02/26 10:34:29 [error] 20#20: *1 "/var/www/hello.dev/hello.dev/index.php" is not found (2: No such file or directory), client: 172.16.0.231, server: hello.dev, request: "GET /hello.dev/ HTTP/1.1", host: "172.16.1.78:880"
2024/02/26 10:39:35 [error] 20#20: *9 "/var/www/hello.dev/hello.dev/index.php" is not found (2: No such file or directory), client: 172.16.0.231, server: hello.dev, request: "GET /hello.dev/ HTTP/1.1", host: "172.16.1.78:880"
2024/02/26 10:39:36 [error] 20#20: *9 "/var/www/hello.dev/hello.dev/index.php" is not found (2: No such file or directory), client: 172.16.0.231, server: hello.dev, request: "GET /hello.dev/ HTTP/1.1", host: "172.16.1.78:880"
2024/02/26 10:39:37 [error] 20#20: *9 "/var/www/hello.dev/hello.dev/index.php" is not found (2: No such file or directory), client: 172.16.0.231, server: hello.dev, request: "GET /hello.dev/ HTTP/1.1", host: "172.16.1.78:880"
2024/02/26 10:48:25 [error] 21#21: *12 "/var/www/hello.dev/hello.dev/index.php" is not found (2: No such file or directory), client: 172.16.0.231, server: hello.dev, request: "GET /hello.dev/ HTTP/1.1", host: "172.16.1.78:880"
2024/02/26 10:48:26 [error] 21#21: *12 "/var/www/hello.dev/hello.dev/index.php" is not found (2: No such file or directory), client: 172.16.0.231, server: hello.dev, request: "GET /hello.dev/ HTTP/1.1", host: "172.16.1.78:880"
2024/02/26 10:48:27 [error] 21#21: *12 "/var/www/hello.dev/hello.dev/index.php" is not found (2: No such file or directory), client: 172.16.0.231, server: hello.dev, request: "GET /hello.dev/ HTTP/1.1", host: "172.16.1.78:880"
2024/02/26 10:49:07 [notice] 1#1: signal 3 (SIGQUIT) received, shutting down
2024/02/26 10:49:07 [notice] 20#20: gracefully shutting down
2024/02/26 10:49:07 [notice] 21#21: gracefully shutting down
2024/02/26 10:49:07 [notice] 23#23: gracefully shutting down
2024/02/26 10:49:07 [notice] 23#23: exiting
2024/02/26 10:49:07 [notice] 21#21: exiting
2024/02/26 10:49:07 [notice] 23#23: exit
2024/02/26 10:49:07 [notice] 21#21: exit
2024/02/26 10:49:07 [notice] 22#22: gracefully shutting down
2024/02/26 10:49:07 [notice] 22#22: exiting
2024/02/26 10:49:07 [notice] 22#22: exit
2024/02/26 10:49:07 [notice] 1#1: signal 17 (SIGCHLD) received from 22
2024/02/26 10:49:07 [notice] 1#1: worker process 22 exited with code 0
2024/02/26 10:49:07 [notice] 1#1: worker process 21 exited with code 0
2024/02/26 10:49:07 [notice] 1#1: signal 29 (SIGIO) received
2024/02/26 10:49:07 [notice] 1#1: signal 17 (SIGCHLD) received from 21
2024/02/26 10:49:07 [notice] 1#1: signal 17 (SIGCHLD) received from 23
2024/02/26 10:49:07 [notice] 1#1: worker process 23 exited with code 0
2024/02/26 10:49:07 [notice] 1#1: signal 29 (SIGIO) received
2024/02/26 10:49:49 [notice] 1#1: using the "epoll" event method
2024/02/26 10:49:49 [notice] 1#1: nginx/1.25.4
2024/02/26 10:49:49 [notice] 1#1: built by gcc 12.2.0 (Debian 12.2.0-14) 
2024/02/26 10:49:49 [notice] 1#1: OS: Linux 5.10.0-17-amd64
2024/02/26 10:49:49 [notice] 1#1: getrlimit(RLIMIT_NOFILE): 1048576:1048576
2024/02/26 10:49:49 [notice] 1#1: start worker processes
2024/02/26 10:49:49 [notice] 1#1: start worker process 20
2024/02/26 10:49:49 [notice] 1#1: start worker process 21
2024/02/26 10:49:49 [notice] 1#1: start worker process 22
2024/02/26 10:49:49 [notice] 1#1: start worker process 23
2024/02/26 10:50:06 [error] 20#20: *1 "/var/www/hello.dev/hello.dev/index.php" is not found (2: No such file or directory), client: 172.16.0.231, server: hello.dev, request: "GET /hello.dev/ HTTP/1.1", host: "172.16.1.78:880"
2024/02/26 10:56:25 [error] 20#20: *8 open() "/var/www/hello.dev/phonebook" failed (2: No such file or directory), client: 172.16.0.231, server: hello.dev, request: "GET /phonebook HTTP/1.1", host: "172.16.1.78:880"
2024/02/26 10:58:39 [error] 21#21: *11 open() "/var/www/hello.dev/phonebook" failed (2: No such file or directory), client: 172.16.0.231, server: hello.dev, request: "GET /phonebook HTTP/1.1", host: "172.16.1.78:880"
2024/02/26 10:59:45 [error] 20#20: *12 open() "/var/www/hello.dev/phonbook" failed (2: No such file or directory), client: 172.16.0.231, server: hello.dev, request: "GET /phonbook HTTP/1.1", host: "172.16.1.78:880"
2024/02/26 11:05:00 [notice] 1#1: signal 3 (SIGQUIT) received, shutting down
2024/02/26 11:05:00 [notice] 20#20: gracefully shutting down
2024/02/26 11:05:00 [notice] 22#22: gracefully shutting down
2024/02/26 11:05:00 [notice] 23#23: gracefully shutting down
2024/02/26 11:05:00 [notice] 20#20: exiting
2024/02/26 11:05:00 [notice] 23#23: exiting
2024/02/26 11:05:00 [notice] 22#22: exiting
2024/02/26 11:05:00 [notice] 20#20: exit
2024/02/26 11:05:00 [notice] 22#22: exit
2024/02/26 11:05:00 [notice] 23#23: exit
2024/02/26 11:05:00 [notice] 21#21: gracefully shutting down
2024/02/26 11:05:00 [notice] 21#21: exiting
2024/02/26 11:05:00 [notice] 21#21: exit
2024/02/26 11:05:00 [notice] 1#1: signal 17 (SIGCHLD) received from 23
2024/02/26 11:05:00 [notice] 1#1: worker process 23 exited with code 0
2024/02/26 11:05:00 [notice] 1#1: signal 29 (SIGIO) received
2024/02/26 11:05:00 [notice] 1#1: signal 17 (SIGCHLD) received from 22
2024/02/26 11:05:00 [notice] 1#1: worker process 22 exited with code 0
2024/02/26 11:05:00 [notice] 1#1: signal 29 (SIGIO) received
2024/02/26 11:05:00 [notice] 1#1: signal 17 (SIGCHLD) received from 21
2024/02/26 11:05:00 [notice] 1#1: worker process 21 exited with code 0
2024/02/26 11:05:00 [notice] 1#1: worker process 20 exited with code 0
2024/02/26 11:05:00 [notice] 1#1: exit
2024/02/26 11:05:48 [notice] 1#1: using the "epoll" event method
2024/02/26 11:05:48 [notice] 1#1: nginx/1.25.4
2024/02/26 11:05:48 [notice] 1#1: built by gcc 12.2.0 (Debian 12.2.0-14) 
2024/02/26 11:05:48 [notice] 1#1: OS: Linux 5.10.0-17-amd64
2024/02/26 11:05:48 [notice] 1#1: getrlimit(RLIMIT_NOFILE): 1048576:1048576
2024/02/26 11:05:48 [notice] 1#1: start worker processes
2024/02/26 11:05:48 [notice] 1#1: start worker process 20
2024/02/26 11:05:48 [notice] 1#1: start worker process 21
2024/02/26 11:05:48 [notice] 1#1: start worker process 22
2024/02/26 11:05:48 [notice] 1#1: start worker process 23
2024/02/26 11:06:11 [error] 20#20: *1 open() "/var/www/hello.dev/phonebook" failed (2: No such file or directory), client: 172.16.0.231, server: hello.dev, request: "GET /phonebook HTTP/1.1", host: "172.16.1.78:880"
2024/02/26 11:14:35 [notice] 1#1: signal 3 (SIGQUIT) received, shutting down
2024/02/26 11:14:35 [notice] 20#20: gracefully shutting down
2024/02/26 11:14:35 [notice] 21#21: gracefully shutting down
2024/02/26 11:14:35 [notice] 22#22: gracefully shutting down
2024/02/26 11:14:35 [notice] 23#23: gracefully shutting down
2024/02/26 11:14:35 [notice] 20#20: exiting
2024/02/26 11:14:35 [notice] 21#21: exiting
2024/02/26 11:14:35 [notice] 22#22: exiting
2024/02/26 11:14:35 [notice] 23#23: exiting
2024/02/26 11:14:35 [notice] 20#20: exit
2024/02/26 11:14:35 [notice] 22#22: exit
2024/02/26 11:14:35 [notice] 21#21: exit
2024/02/26 11:14:35 [notice] 23#23: exit
2024/02/26 11:14:35 [notice] 1#1: signal 17 (SIGCHLD) received from 21
2024/02/26 11:14:35 [notice] 1#1: worker process 21 exited with code 0
2024/02/26 11:14:35 [notice] 1#1: worker process 22 exited with code 0
2024/02/26 11:14:35 [notice] 1#1: signal 29 (SIGIO) received
2024/02/26 11:14:35 [notice] 1#1: signal 17 (SIGCHLD) received from 22
2024/02/26 11:14:35 [notice] 1#1: worker process 20 exited with code 0
2024/02/26 11:14:35 [notice] 1#1: signal 29 (SIGIO) received
2024/02/26 11:14:35 [notice] 1#1: signal 17 (SIGCHLD) received from 23
2024/02/26 11:14:35 [notice] 1#1: worker process 23 exited with code 0
2024/02/26 11:14:35 [notice] 1#1: exit
2024/02/27 13:47:21 [notice] 1#1: using the "epoll" event method
2024/02/27 13:47:21 [notice] 1#1: nginx/1.25.4
2024/02/27 13:47:21 [notice] 1#1: built by gcc 12.2.0 (Debian 12.2.0-14) 
2024/02/27 13:47:21 [notice] 1#1: OS: Linux 5.10.0-17-amd64
2024/02/27 13:47:21 [notice] 1#1: getrlimit(RLIMIT_NOFILE): 1048576:1048576
2024/02/27 13:47:21 [notice] 1#1: start worker processes
2024/02/27 13:47:21 [notice] 1#1: start worker process 20
2024/02/27 13:47:21 [notice] 1#1: start worker process 21
2024/02/27 13:47:21 [notice] 1#1: start worker process 22
2024/02/27 13:47:21 [notice] 1#1: start worker process 23
2024/02/27 13:47:34 [error] 20#20: *1 open() "/var/www/hello.dev/favicon.ico" failed (2: No such file or directory), client: 172.16.0.231, server: hello.dev, request: "GET /favicon.ico HTTP/1.1", host: "172.16.1.78:880", referrer: "http://172.16.1.78:880/"
2024/02/27 13:49:34 [notice] 1#1: using the "epoll" event method
2024/02/27 13:49:34 [notice] 1#1: nginx/1.25.4
2024/02/27 13:49:34 [notice] 1#1: built by gcc 12.2.0 (Debian 12.2.0-14) 
2024/02/27 13:49:34 [notice] 1#1: OS: Linux 5.10.0-17-amd64
2024/02/27 13:49:34 [notice] 1#1: getrlimit(RLIMIT_NOFILE): 1048576:1048576
2024/02/27 13:49:34 [notice] 1#1: start worker processes
2024/02/27 13:49:34 [notice] 1#1: start worker process 20
2024/02/27 13:49:34 [notice] 1#1: start worker process 21
2024/02/27 13:49:34 [notice] 1#1: start worker process 22
2024/02/27 13:49:34 [notice] 1#1: start worker process 23
2024/02/27 13:50:06 [error] 22#22: *5 open() "/var/www/phonebook/favicon.ico" failed (2: No such file or directory), client: 172.16.0.231, server: phonebook, request: "GET /favicon.ico HTTP/1.1", host: "172.16.1.78:880", referrer: "http://172.16.1.78:880/"
2024/02/27 13:50:16 [notice] 1#1: signal 3 (SIGQUIT) received, shutting down
2024/02/27 13:50:16 [notice] 21#21: gracefully shutting down
2024/02/27 13:50:16 [notice] 22#22: gracefully shutting down
2024/02/27 13:50:16 [notice] 20#20: gracefully shutting down
2024/02/27 13:50:16 [notice] 23#23: gracefully shutting down
2024/02/27 13:50:16 [notice] 22#22: exiting
2024/02/27 13:50:16 [notice] 23#23: exiting
2024/02/27 13:50:16 [notice] 21#21: exiting
2024/02/27 13:50:16 [notice] 22#22: exit
2024/02/27 13:50:16 [notice] 23#23: exit
2024/02/27 13:50:16 [notice] 21#21: exit
2024/02/27 13:50:16 [notice] 1#1: signal 17 (SIGCHLD) received from 22
2024/02/27 13:50:16 [notice] 1#1: worker process 22 exited with code 0
2024/02/27 13:50:16 [notice] 1#1: signal 29 (SIGIO) received
2024/02/27 13:50:16 [notice] 1#1: signal 17 (SIGCHLD) received from 23
2024/02/27 13:50:16 [notice] 1#1: worker process 23 exited with code 0
2024/02/27 13:50:16 [notice] 1#1: signal 29 (SIGIO) received
2024/02/27 13:50:16 [notice] 1#1: signal 17 (SIGCHLD) received from 21
2024/02/27 13:50:16 [notice] 1#1: worker process 21 exited with code 0
2024/02/27 13:50:16 [notice] 1#1: signal 29 (SIGIO) received
2024/02/27 13:53:15 [notice] 1#1: using the "epoll" event method
2024/02/27 13:53:15 [notice] 1#1: nginx/1.25.4
2024/02/27 13:53:15 [notice] 1#1: built by gcc 12.2.0 (Debian 12.2.0-14) 
2024/02/27 13:53:15 [notice] 1#1: OS: Linux 5.10.0-17-amd64
2024/02/27 13:53:15 [notice] 1#1: getrlimit(RLIMIT_NOFILE): 1048576:1048576
2024/02/27 13:53:15 [notice] 1#1: start worker processes
2024/02/27 13:53:15 [notice] 1#1: start worker process 20
2024/02/27 13:53:15 [notice] 1#1: start worker process 21
2024/02/27 13:53:15 [notice] 1#1: start worker process 22
2024/02/27 13:53:15 [notice] 1#1: start worker process 23
2024/02/27 13:53:19 [notice] 1#1: signal 3 (SIGQUIT) received, shutting down
2024/02/27 13:53:19 [notice] 20#20: gracefully shutting down
2024/02/27 13:53:19 [notice] 21#21: gracefully shutting down
2024/02/27 13:53:19 [notice] 22#22: gracefully shutting down
2024/02/27 13:53:19 [notice] 20#20: exiting
2024/02/27 13:53:19 [notice] 21#21: exiting
2024/02/27 13:53:19 [notice] 22#22: exiting
2024/02/27 13:53:19 [notice] 21#21: exit
2024/02/27 13:53:19 [notice] 20#20: exit
2024/02/27 13:53:19 [notice] 22#22: exit
2024/02/27 13:53:19 [notice] 23#23: gracefully shutting down
2024/02/27 13:53:19 [notice] 23#23: exiting
2024/02/27 13:53:19 [notice] 23#23: exit
2024/02/27 13:53:19 [notice] 1#1: signal 17 (SIGCHLD) received from 21
2024/02/27 13:53:19 [notice] 1#1: worker process 20 exited with code 0
2024/02/27 13:53:19 [notice] 1#1: worker process 21 exited with code 0
2024/02/27 13:53:19 [notice] 1#1: signal 29 (SIGIO) received
2024/02/27 13:53:19 [notice] 1#1: signal 17 (SIGCHLD) received from 22
2024/02/27 13:53:19 [notice] 1#1: worker process 22 exited with code 0
2024/02/27 13:53:19 [notice] 1#1: signal 29 (SIGIO) received
2024/02/27 13:53:19 [notice] 1#1: signal 17 (SIGCHLD) received from 23
2024/02/27 13:53:19 [notice] 1#1: worker process 23 exited with code 0
2024/02/27 13:53:19 [notice] 1#1: exit
2024/02/27 13:53:53 [notice] 1#1: using the "epoll" event method
2024/02/27 13:53:53 [notice] 1#1: nginx/1.25.4
2024/02/27 13:53:53 [notice] 1#1: built by gcc 12.2.0 (Debian 12.2.0-14) 
2024/02/27 13:53:53 [notice] 1#1: OS: Linux 5.10.0-17-amd64
2024/02/27 13:53:53 [notice] 1#1: getrlimit(RLIMIT_NOFILE): 1048576:1048576
2024/02/27 13:53:53 [notice] 1#1: start worker processes
2024/02/27 13:53:53 [notice] 1#1: start worker process 20
2024/02/27 13:53:53 [notice] 1#1: start worker process 21
2024/02/27 13:53:53 [notice] 1#1: start worker process 22
2024/02/27 13:53:53 [notice] 1#1: start worker process 23
2024/02/27 14:36:32 [notice] 1#1: using the "epoll" event method
2024/02/27 14:36:32 [notice] 1#1: nginx/1.25.4
2024/02/27 14:36:32 [notice] 1#1: built by gcc 12.2.0 (Debian 12.2.0-14) 
2024/02/27 14:36:32 [notice] 1#1: OS: Linux 5.10.0-17-amd64
2024/02/27 14:36:32 [notice] 1#1: getrlimit(RLIMIT_NOFILE): 1048576:1048576
2024/02/27 14:36:32 [notice] 1#1: start worker processes
2024/02/27 14:36:32 [notice] 1#1: start worker process 20
2024/02/27 14:36:32 [notice] 1#1: start worker process 21
2024/02/27 14:36:32 [notice] 1#1: start worker process 22
2024/02/27 14:36:32 [notice] 1#1: start worker process 23
2024/02/27 14:37:14 [notice] 1#1: signal 3 (SIGQUIT) received, shutting down
2024/02/27 14:37:14 [notice] 20#20: gracefully shutting down
2024/02/27 14:37:14 [notice] 23#23: gracefully shutting down
2024/02/27 14:37:14 [notice] 20#20: exiting
2024/02/27 14:37:14 [notice] 23#23: exiting
2024/02/27 14:37:14 [notice] 20#20: exit
2024/02/27 14:37:14 [notice] 23#23: exit
2024/02/27 14:37:14 [notice] 22#22: gracefully shutting down
2024/02/27 14:37:14 [notice] 21#21: gracefully shutting down
2024/02/27 14:37:14 [notice] 22#22: exiting
2024/02/27 14:37:14 [notice] 21#21: exiting
2024/02/27 14:37:14 [notice] 22#22: exit
2024/02/27 14:37:14 [notice] 21#21: exit
2024/02/27 14:37:14 [notice] 1#1: signal 17 (SIGCHLD) received from 20
2024/02/27 14:37:14 [notice] 1#1: worker process 20 exited with code 0
2024/02/27 14:37:14 [notice] 1#1: signal 29 (SIGIO) received
2024/02/27 14:37:14 [notice] 1#1: signal 17 (SIGCHLD) received from 23
2024/02/27 14:37:14 [notice] 1#1: worker process 23 exited with code 0
2024/02/27 14:37:14 [notice] 1#1: signal 29 (SIGIO) received
2024/02/27 14:37:14 [notice] 1#1: signal 17 (SIGCHLD) received from 21
2024/02/27 14:37:14 [notice] 1#1: worker process 21 exited with code 0
2024/02/27 14:37:14 [notice] 1#1: signal 29 (SIGIO) received
2024/02/27 14:37:14 [notice] 1#1: signal 17 (SIGCHLD) received from 22
2024/02/27 14:37:14 [notice] 1#1: worker process 22 exited with code 0
2024/02/27 14:37:14 [notice] 1#1: exit
2024/02/27 14:40:22 [notice] 1#1: using the "epoll" event method
2024/02/27 14:40:22 [notice] 1#1: nginx/1.25.4
2024/02/27 14:40:22 [notice] 1#1: built by gcc 12.2.0 (Debian 12.2.0-14) 
2024/02/27 14:40:22 [notice] 1#1: OS: Linux 5.10.0-17-amd64
2024/02/27 14:40:22 [notice] 1#1: getrlimit(RLIMIT_NOFILE): 1048576:1048576
2024/02/27 14:40:22 [notice] 1#1: start worker processes
2024/02/27 14:40:22 [notice] 1#1: start worker process 20
2024/02/27 14:40:22 [notice] 1#1: start worker process 21
2024/02/27 14:40:22 [notice] 1#1: start worker process 22
2024/02/27 14:40:22 [notice] 1#1: start worker process 23
2024/02/27 14:40:49 [notice] 1#1: signal 3 (SIGQUIT) received, shutting down
2024/02/27 14:40:49 [notice] 21#21: gracefully shutting down
2024/02/27 14:40:49 [notice] 20#20: gracefully shutting down
2024/02/27 14:40:49 [notice] 23#23: gracefully shutting down
2024/02/27 14:40:49 [notice] 22#22: gracefully shutting down
2024/02/27 14:40:49 [notice] 21#21: exiting
2024/02/27 14:40:49 [notice] 20#20: exiting
2024/02/27 14:40:49 [notice] 23#23: exiting
2024/02/27 14:40:49 [notice] 22#22: exiting
2024/02/27 14:40:49 [notice] 23#23: exit
2024/02/27 14:40:49 [notice] 21#21: exit
2024/02/27 14:40:49 [notice] 20#20: exit
2024/02/27 14:40:49 [notice] 22#22: exit
2024/02/27 14:40:49 [notice] 1#1: signal 17 (SIGCHLD) received from 21
2024/02/27 14:40:49 [notice] 1#1: worker process 21 exited with code 0
2024/02/27 14:40:49 [notice] 1#1: worker process 22 exited with code 0
2024/02/27 14:40:49 [notice] 1#1: worker process 23 exited with code 0
2024/02/27 14:40:49 [notice] 1#1: signal 17 (SIGCHLD) received from 23
2024/02/27 14:40:49 [notice] 1#1: worker process 20 exited with code 0
2024/02/27 14:40:49 [notice] 1#1: exit
2024/02/27 14:57:33 [notice] 1#1: using the "epoll" event method
2024/02/27 14:57:33 [notice] 1#1: nginx/1.25.4
2024/02/27 14:57:33 [notice] 1#1: built by gcc 12.2.0 (Debian 12.2.0-14) 
2024/02/27 14:57:33 [notice] 1#1: OS: Linux 5.10.0-17-amd64
2024/02/27 14:57:33 [notice] 1#1: getrlimit(RLIMIT_NOFILE): 1048576:1048576
2024/02/27 14:57:33 [notice] 1#1: start worker processes
2024/02/27 14:57:33 [notice] 1#1: start worker process 20
2024/02/27 14:57:33 [notice] 1#1: start worker process 21
2024/02/27 14:57:33 [notice] 1#1: start worker process 22
2024/02/27 14:57:33 [notice] 1#1: start worker process 23
2024/02/27 14:57:42 [error] 21#21: *1 open() "/var/www/phonebook/favicon.ico" failed (2: No such file or directory), client: 172.16.0.231, server: phonebook, request: "GET /favicon.ico HTTP/1.1", host: "172.16.1.78:880", referrer: "http://172.16.1.78:880/"
2024/04/03 08:34:11 [notice] 23#23: signal 15 (SIGTERM) received, exiting
2024/04/03 08:34:11 [notice] 21#21: signal 15 (SIGTERM) received, exiting
2024/04/03 08:34:11 [notice] 23#23: exiting
2024/04/03 08:34:11 [notice] 22#22: signal 15 (SIGTERM) received, exiting
2024/04/03 08:34:11 [notice] 21#21: exiting
2024/04/03 08:34:11 [notice] 1#1: signal 17 (SIGCHLD) received from 22
2024/04/03 08:34:11 [notice] 22#22: exiting
2024/04/03 08:34:11 [notice] 1#1: signal 17 (SIGCHLD) received from 20
2024/04/03 08:34:11 [notice] 1#1: signal 15 (SIGTERM) received, exiting
2024/04/03 08:34:11 [notice] 20#20: signal 15 (SIGTERM) received, exiting
2024/04/03 08:34:11 [notice] 20#20: exiting
2024/04/03 08:34:11 [notice] 20#20: exit
2024/04/03 08:34:11 [notice] 22#22: exit
2024/04/03 08:34:11 [notice] 23#23: exit
2024/04/03 08:34:11 [notice] 21#21: exit
2024/04/03 08:34:11 [notice] 1#1: signal 14 (SIGALRM) received
2024/04/03 08:34:11 [notice] 1#1: signal 14 (SIGALRM) received
2024/04/03 08:34:11 [notice] 1#1: signal 14 (SIGALRM) received
2024/04/03 08:34:12 [notice] 1#1: signal 14 (SIGALRM) received
2024/04/03 08:34:12 [notice] 1#1: signal 17 (SIGCHLD) received from 21
2024/04/03 08:34:12 [notice] 1#1: worker process 20 exited with code 0
2024/04/03 08:34:12 [notice] 1#1: worker process 21 exited with code 0
2024/04/03 08:34:12 [notice] 1#1: worker process 22 exited with code 0
2024/04/03 08:34:12 [notice] 1#1: worker process 23 exited with code 0
2024/04/03 08:34:12 [notice] 1#1: exit
2024/04/03 08:45:53 [notice] 1#1: using the "epoll" event method
2024/04/03 08:45:53 [notice] 1#1: nginx/1.25.4
2024/04/03 08:45:53 [notice] 1#1: built by gcc 12.2.0 (Debian 12.2.0-14) 
2024/04/03 08:45:53 [notice] 1#1: OS: Linux 5.10.0-17-amd64
2024/04/03 08:45:53 [notice] 1#1: getrlimit(RLIMIT_NOFILE): 1048576:1048576
2024/04/03 08:45:53 [notice] 1#1: start worker processes
2024/04/03 08:45:53 [notice] 1#1: start worker process 20
2024/04/03 08:45:53 [notice] 1#1: start worker process 21
2024/04/03 08:45:53 [notice] 1#1: start worker process 22
2024/04/03 08:45:53 [notice] 1#1: start worker process 23
2024/04/15 15:29:05 [notice] 1#1: using the "epoll" event method
2024/04/15 15:29:05 [notice] 1#1: nginx/1.25.4
2024/04/15 15:29:05 [notice] 1#1: built by gcc 12.2.0 (Debian 12.2.0-14) 
2024/04/15 15:29:05 [notice] 1#1: OS: Linux 5.10.0-17-amd64
2024/04/15 15:29:05 [notice] 1#1: getrlimit(RLIMIT_NOFILE): 1048576:1048576
2024/04/15 15:29:05 [notice] 1#1: start worker processes
2024/04/15 15:29:05 [notice] 1#1: start worker process 20
2024/04/15 15:29:05 [notice] 1#1: start worker process 21
2024/04/15 15:29:05 [notice] 1#1: start worker process 22
2024/04/15 15:29:05 [notice] 1#1: start worker process 23
2024/04/17 05:41:16 [notice] 1#1: signal 3 (SIGQUIT) received, shutting down
2024/04/17 05:41:16 [notice] 22#22: gracefully shutting down
2024/04/17 05:41:16 [notice] 23#23: gracefully shutting down
2024/04/17 05:41:16 [notice] 22#22: exiting
2024/04/17 05:41:16 [notice] 23#23: exiting
2024/04/17 05:41:16 [notice] 23#23: exit
2024/04/17 05:41:16 [notice] 22#22: exit
2024/04/17 05:41:16 [notice] 21#21: gracefully shutting down
2024/04/17 05:41:16 [notice] 21#21: exiting
2024/04/17 05:41:16 [notice] 20#20: gracefully shutting down
2024/04/17 05:41:16 [notice] 21#21: exit
2024/04/17 05:41:16 [notice] 20#20: exiting
2024/04/17 05:41:16 [notice] 20#20: exit
2024/04/17 05:41:16 [notice] 1#1: signal 17 (SIGCHLD) received from 23
2024/04/17 05:41:16 [notice] 1#1: worker process 23 exited with code 0
2024/04/17 05:41:16 [notice] 1#1: worker process 21 exited with code 0
2024/04/17 05:41:16 [notice] 1#1: worker process 22 exited with code 0
2024/04/17 05:41:16 [notice] 1#1: signal 29 (SIGIO) received
2024/04/17 05:41:16 [notice] 1#1: signal 17 (SIGCHLD) received from 22
2024/04/17 05:41:16 [notice] 1#1: signal 17 (SIGCHLD) received from 20
2024/04/17 05:41:16 [notice] 1#1: worker process 20 exited with code 0
2024/04/17 05:41:16 [notice] 1#1: exit
2024/04/17 05:49:14 [notice] 1#1: using the "epoll" event method
2024/04/17 05:49:14 [notice] 1#1: nginx/1.25.4
2024/04/17 05:49:14 [notice] 1#1: built by gcc 12.2.0 (Debian 12.2.0-14) 
2024/04/17 05:49:14 [notice] 1#1: OS: Linux 5.10.0-17-amd64
2024/04/17 05:49:14 [notice] 1#1: getrlimit(RLIMIT_NOFILE): 1048576:1048576
2024/04/17 05:49:14 [notice] 1#1: start worker processes
2024/04/17 05:49:14 [notice] 1#1: start worker process 20
2024/04/17 05:49:14 [notice] 1#1: start worker process 21
2024/04/17 05:49:14 [notice] 1#1: start worker process 22
2024/04/17 05:49:14 [notice] 1#1: start worker process 23
2024/04/23 15:48:44 [notice] 1#1: signal 3 (SIGQUIT) received, shutting down
2024/04/23 15:48:44 [notice] 23#23: gracefully shutting down
2024/04/23 15:48:44 [notice] 22#22: gracefully shutting down
2024/04/23 15:48:44 [notice] 22#22: exiting
2024/04/23 15:48:44 [notice] 23#23: exiting
2024/04/23 15:48:44 [notice] 22#22: exit
2024/04/23 15:48:44 [notice] 23#23: exit
2024/04/23 15:48:44 [notice] 21#21: gracefully shutting down
2024/04/23 15:48:44 [notice] 21#21: exiting
2024/04/23 15:48:44 [notice] 20#20: gracefully shutting down
2024/04/23 15:48:44 [notice] 21#21: exit
2024/04/23 15:48:44 [notice] 20#20: exiting
2024/04/23 15:48:44 [notice] 20#20: exit
2024/04/23 15:48:44 [notice] 1#1: signal 17 (SIGCHLD) received from 23
2024/04/23 15:48:44 [notice] 1#1: worker process 21 exited with code 0
2024/04/23 15:48:44 [notice] 1#1: worker process 20 exited with code 0
2024/04/23 15:48:44 [notice] 1#1: worker process 22 exited with code 0
2024/04/23 15:48:44 [notice] 1#1: worker process 23 exited with code 0
2024/04/23 15:48:44 [notice] 1#1: exit
2024/04/23 15:50:09 [notice] 1#1: using the "epoll" event method
2024/04/23 15:50:09 [notice] 1#1: nginx/1.25.4
2024/04/23 15:50:09 [notice] 1#1: built by gcc 12.2.0 (Debian 12.2.0-14) 
2024/04/23 15:50:09 [notice] 1#1: OS: Linux 5.10.0-17-amd64
2024/04/23 15:50:09 [notice] 1#1: getrlimit(RLIMIT_NOFILE): 1048576:1048576
2024/04/23 15:50:09 [notice] 1#1: start worker processes
2024/04/23 15:50:09 [notice] 1#1: start worker process 20
2024/04/23 15:50:09 [notice] 1#1: start worker process 21
2024/04/23 15:50:09 [notice] 1#1: start worker process 22
2024/04/23 15:50:09 [notice] 1#1: start worker process 23
2024/04/23 15:50:40 [notice] 1#1: signal 3 (SIGQUIT) received, shutting down
2024/04/23 15:50:40 [notice] 20#20: gracefully shutting down
2024/04/23 15:50:40 [notice] 21#21: gracefully shutting down
2024/04/23 15:50:40 [notice] 22#22: gracefully shutting down
2024/04/23 15:50:40 [notice] 23#23: gracefully shutting down
2024/04/23 15:50:40 [notice] 20#20: exiting
2024/04/23 15:50:40 [notice] 22#22: exiting
2024/04/23 15:50:40 [notice] 23#23: exiting
2024/04/23 15:50:40 [notice] 20#20: exit
2024/04/23 15:50:40 [notice] 21#21: exiting
2024/04/23 15:50:40 [notice] 22#22: exit
2024/04/23 15:50:40 [notice] 23#23: exit
2024/04/23 15:50:40 [notice] 21#21: exit
2024/04/23 15:50:40 [notice] 1#1: signal 17 (SIGCHLD) received from 20
2024/04/23 15:50:40 [notice] 1#1: worker process 20 exited with code 0
2024/04/23 15:50:40 [notice] 1#1: signal 29 (SIGIO) received
2024/04/23 15:50:40 [notice] 1#1: signal 17 (SIGCHLD) received from 22
2024/04/23 15:50:40 [notice] 1#1: worker process 22 exited with code 0
2024/04/23 15:50:40 [notice] 1#1: signal 29 (SIGIO) received
2024/04/23 15:50:40 [notice] 1#1: signal 17 (SIGCHLD) received from 23
2024/04/23 15:50:40 [notice] 1#1: worker process 23 exited with code 0
2024/04/23 15:50:40 [notice] 1#1: signal 17 (SIGCHLD) received from 21
2024/04/23 15:50:40 [notice] 1#1: worker process 21 exited with code 0
2024/04/23 15:50:40 [notice] 1#1: exit
2024/04/23 15:52:40 [notice] 1#1: using the "epoll" event method
2024/04/23 15:52:40 [notice] 1#1: nginx/1.25.4
2024/04/23 15:52:40 [notice] 1#1: built by gcc 12.2.0 (Debian 12.2.0-14) 
2024/04/23 15:52:40 [notice] 1#1: OS: Linux 5.10.0-17-amd64
2024/04/23 15:52:40 [notice] 1#1: getrlimit(RLIMIT_NOFILE): 1048576:1048576
2024/04/23 15:52:40 [notice] 1#1: start worker processes
2024/04/23 15:52:40 [notice] 1#1: start worker process 20
2024/04/23 15:52:40 [notice] 1#1: start worker process 21
2024/04/23 15:52:40 [notice] 1#1: start worker process 22
2024/04/23 15:52:40 [notice] 1#1: start worker process 23
2024/04/23 15:53:08 [notice] 1#1: signal 3 (SIGQUIT) received, shutting down
2024/04/23 15:53:08 [notice] 20#20: gracefully shutting down
2024/04/23 15:53:08 [notice] 21#21: gracefully shutting down
2024/04/23 15:53:08 [notice] 22#22: gracefully shutting down
2024/04/23 15:53:08 [notice] 23#23: gracefully shutting down
2024/04/23 15:53:08 [notice] 21#21: exiting
2024/04/23 15:53:08 [notice] 22#22: exiting
2024/04/23 15:53:08 [notice] 23#23: exiting
2024/04/23 15:53:08 [notice] 20#20: exiting
2024/04/23 15:53:08 [notice] 22#22: exit
2024/04/23 15:53:08 [notice] 21#21: exit
2024/04/23 15:53:08 [notice] 23#23: exit
2024/04/23 15:53:08 [notice] 20#20: exit
2024/04/23 15:53:08 [notice] 1#1: signal 17 (SIGCHLD) received from 21
2024/04/23 15:53:08 [notice] 1#1: worker process 21 exited with code 0
2024/04/23 15:53:08 [notice] 1#1: worker process 22 exited with code 0
2024/04/23 15:53:08 [notice] 1#1: signal 29 (SIGIO) received
2024/04/23 15:53:08 [notice] 1#1: signal 17 (SIGCHLD) received from 23
2024/04/23 15:53:08 [notice] 1#1: worker process 23 exited with code 0
2024/04/23 15:53:08 [notice] 1#1: signal 29 (SIGIO) received
2024/04/23 15:53:08 [notice] 1#1: signal 17 (SIGCHLD) received from 20
2024/04/23 15:53:08 [notice] 1#1: worker process 20 exited with code 0
2024/04/23 15:53:08 [notice] 1#1: exit
2024/04/23 15:56:43 [notice] 1#1: using the "epoll" event method
2024/04/23 15:56:43 [notice] 1#1: nginx/1.25.4
2024/04/23 15:56:43 [notice] 1#1: built by gcc 12.2.0 (Debian 12.2.0-14) 
2024/04/23 15:56:43 [notice] 1#1: OS: Linux 5.10.0-17-amd64
2024/04/23 15:56:43 [notice] 1#1: getrlimit(RLIMIT_NOFILE): 1048576:1048576
2024/04/23 15:56:43 [notice] 1#1: start worker processes
2024/04/23 15:56:43 [notice] 1#1: start worker process 20
2024/04/23 15:56:43 [notice] 1#1: start worker process 21
2024/04/23 15:56:43 [notice] 1#1: start worker process 22
2024/04/23 15:56:43 [notice] 1#1: start worker process 23
2024/04/23 15:57:03 [notice] 1#1: signal 3 (SIGQUIT) received, shutting down
2024/04/23 15:57:03 [notice] 22#22: gracefully shutting down
2024/04/23 15:57:03 [notice] 21#21: gracefully shutting down
2024/04/23 15:57:03 [notice] 23#23: gracefully shutting down
2024/04/23 15:57:03 [notice] 21#21: exiting
2024/04/23 15:57:03 [notice] 22#22: exiting
2024/04/23 15:57:03 [notice] 23#23: exiting
2024/04/23 15:57:03 [notice] 22#22: exit
2024/04/23 15:57:03 [notice] 23#23: exit
2024/04/23 15:57:03 [notice] 21#21: exit
2024/04/23 15:57:03 [notice] 20#20: gracefully shutting down
2024/04/23 15:57:03 [notice] 20#20: exiting
2024/04/23 15:57:03 [notice] 20#20: exit
2024/04/23 15:57:03 [notice] 1#1: signal 17 (SIGCHLD) received from 21
2024/04/23 15:57:03 [notice] 1#1: worker process 21 exited with code 0
2024/04/23 15:57:03 [notice] 1#1: signal 29 (SIGIO) received
2024/04/23 15:57:03 [notice] 1#1: signal 17 (SIGCHLD) received from 23
2024/04/23 15:57:03 [notice] 1#1: worker process 22 exited with code 0
2024/04/23 15:57:03 [notice] 1#1: worker process 23 exited with code 0
2024/04/23 15:57:03 [notice] 1#1: signal 29 (SIGIO) received
2024/04/23 15:57:03 [notice] 1#1: signal 17 (SIGCHLD) received from 22
2024/04/23 15:57:03 [notice] 1#1: signal 17 (SIGCHLD) received from 20
2024/04/23 15:57:03 [notice] 1#1: worker process 20 exited with code 0
2024/04/23 15:57:03 [notice] 1#1: exit
2024/04/23 15:57:54 [notice] 1#1: using the "epoll" event method
2024/04/23 15:57:54 [notice] 1#1: nginx/1.25.4
2024/04/23 15:57:54 [notice] 1#1: built by gcc 12.2.0 (Debian 12.2.0-14) 
2024/04/23 15:57:54 [notice] 1#1: OS: Linux 5.10.0-17-amd64
2024/04/23 15:57:54 [notice] 1#1: getrlimit(RLIMIT_NOFILE): 1048576:1048576
2024/04/23 15:57:54 [notice] 1#1: start worker processes
2024/04/23 15:57:54 [notice] 1#1: start worker process 20
2024/04/23 15:57:54 [notice] 1#1: start worker process 21
2024/04/23 15:57:54 [notice] 1#1: start worker process 22
2024/04/23 15:57:54 [notice] 1#1: start worker process 23
2024/04/23 16:01:56 [error] 22#22: *9 directory index of "/var/www/" is forbidden, client: 172.16.0.231, server: nginx_server, request: "GET / HTTP/1.1", host: "172.16.1.78:880"
2024/04/23 16:01:56 [error] 22#22: *9 open() "/var/www/favicon.ico" failed (2: No such file or directory), client: 172.16.0.231, server: nginx_server, request: "GET /favicon.ico HTTP/1.1", host: "172.16.1.78:880", referrer: "http://172.16.1.78:880/"
2024/04/23 16:04:00 [error] 20#20: *11 directory index of "/var/www/" is forbidden, client: 172.16.0.231, server: nginx_server, request: "GET / HTTP/1.1", host: "172.16.1.78:880"
2024/04/23 16:04:02 [error] 20#20: *11 directory index of "/var/www/" is forbidden, client: 172.16.0.231, server: nginx_server, request: "GET / HTTP/1.1", host: "172.16.1.78:880"
2024/04/23 16:04:02 [error] 20#20: *11 directory index of "/var/www/" is forbidden, client: 172.16.0.231, server: nginx_server, request: "GET / HTTP/1.1", host: "172.16.1.78:880"
2024/04/23 16:04:03 [error] 20#20: *11 directory index of "/var/www/" is forbidden, client: 172.16.0.231, server: nginx_server, request: "GET / HTTP/1.1", host: "172.16.1.78:880"
2024/04/23 16:04:47 [error] 20#20: *11 directory index of "/var/www/" is forbidden, client: 172.16.0.231, server: nginx_server, request: "GET / HTTP/1.1", host: "172.16.1.78:880"
2024/04/23 16:04:48 [error] 20#20: *11 directory index of "/var/www/" is forbidden, client: 172.16.0.231, server: nginx_server, request: "GET / HTTP/1.1", host: "172.16.1.78:880"
2024/04/23 16:05:02 [error] 20#20: *11 directory index of "/var/www/" is forbidden, client: 172.16.0.231, server: nginx_server, request: "GET / HTTP/1.1", host: "172.16.1.78:880"
2024/04/23 16:06:17 [error] 20#20: *14 directory index of "/var/www/" is forbidden, client: 172.16.0.231, server: nginx_server, request: "GET / HTTP/1.1", host: "172.16.1.78:880"
2024/04/23 16:08:33 [error] 20#20: *16 directory index of "/var/www/" is forbidden, client: 172.16.0.231, server: nginx_server, request: "GET / HTTP/1.1", host: "172.16.1.78:880"
2024/04/23 16:08:34 [error] 20#20: *16 directory index of "/var/www/" is forbidden, client: 172.16.0.231, server: nginx_server, request: "GET / HTTP/1.1", host: "172.16.1.78:880"
2024/04/23 16:08:35 [error] 20#20: *16 directory index of "/var/www/" is forbidden, client: 172.16.0.231, server: nginx_server, request: "GET / HTTP/1.1", host: "172.16.1.78:880"
2024/04/23 16:08:35 [error] 20#20: *16 directory index of "/var/www/" is forbidden, client: 172.16.0.231, server: nginx_server, request: "GET / HTTP/1.1", host: "172.16.1.78:880"
2024/04/23 16:08:36 [error] 20#20: *16 directory index of "/var/www/" is forbidden, client: 172.16.0.231, server: nginx_server, request: "GET / HTTP/1.1", host: "172.16.1.78:880"
2024/04/23 16:09:21 [notice] 1#1: signal 3 (SIGQUIT) received, shutting down
2024/04/23 16:09:21 [notice] 20#20: gracefully shutting down
2024/04/23 16:09:21 [notice] 21#21: gracefully shutting down
2024/04/23 16:09:21 [notice] 22#22: gracefully shutting down
2024/04/23 16:09:21 [notice] 23#23: gracefully shutting down
2024/04/23 16:09:21 [notice] 21#21: exiting
2024/04/23 16:09:21 [notice] 22#22: exiting
2024/04/23 16:09:21 [notice] 23#23: exiting
2024/04/23 16:09:21 [notice] 21#21: exit
2024/04/23 16:09:21 [notice] 22#22: exit
2024/04/23 16:09:21 [notice] 23#23: exit
2024/04/23 16:09:21 [notice] 1#1: signal 17 (SIGCHLD) received from 23
2024/04/23 16:09:21 [notice] 1#1: worker process 23 exited with code 0
2024/04/23 16:09:21 [notice] 1#1: signal 29 (SIGIO) received
2024/04/23 16:09:21 [notice] 1#1: signal 17 (SIGCHLD) received from 21
2024/04/23 16:09:21 [notice] 1#1: worker process 21 exited with code 0
2024/04/23 16:09:21 [notice] 1#1: signal 29 (SIGIO) received
2024/04/23 16:09:21 [notice] 1#1: signal 17 (SIGCHLD) received from 22
2024/04/23 16:09:21 [notice] 1#1: worker process 22 exited with code 0
2024/04/23 16:09:21 [notice] 1#1: signal 29 (SIGIO) received
2024/04/23 16:09:57 [notice] 1#1: using the "epoll" event method
2024/04/23 16:09:57 [notice] 1#1: nginx/1.25.4
2024/04/23 16:09:57 [notice] 1#1: built by gcc 12.2.0 (Debian 12.2.0-14) 
2024/04/23 16:09:57 [notice] 1#1: OS: Linux 5.10.0-17-amd64
2024/04/23 16:09:57 [notice] 1#1: getrlimit(RLIMIT_NOFILE): 1048576:1048576
2024/04/23 16:09:57 [notice] 1#1: start worker processes
2024/04/23 16:09:57 [notice] 1#1: start worker process 20
2024/04/23 16:09:57 [notice] 1#1: start worker process 21
2024/04/23 16:09:57 [notice] 1#1: start worker process 22
2024/04/23 16:09:57 [notice] 1#1: start worker process 23
2024/04/23 16:10:50 [error] 20#20: *1 directory index of "/var/www/" is forbidden, client: 172.16.0.231, server: nginx_server, request: "GET / HTTP/1.1", host: "172.16.1.78:880"
2024/04/27 10:40:35 [error] 20#20: *32 directory index of "/var/www/" is forbidden, client: 172.16.0.231, server: nginx_server, request: "GET / HTTP/1.0"
2024/04/27 10:56:40 [error] 20#20: *37 directory index of "/var/www/" is forbidden, client: 172.16.0.231, server: nginx_server, request: "GET / HTTP/1.0"
2024/09/04 08:08:31 [notice] 1#1: using the "epoll" event method
2024/09/04 08:08:31 [notice] 1#1: nginx/1.25.4
2024/09/04 08:08:31 [notice] 1#1: built by gcc 12.2.0 (Debian 12.2.0-14) 
2024/09/04 08:08:31 [notice] 1#1: OS: Linux 5.10.0-17-amd64
2024/09/04 08:08:31 [notice] 1#1: getrlimit(RLIMIT_NOFILE): 1048576:1048576
2024/09/04 08:08:31 [notice] 1#1: start worker processes
2024/09/04 08:08:31 [notice] 1#1: start worker process 20
2024/09/04 08:08:31 [notice] 1#1: start worker process 21
2024/09/04 08:08:31 [notice] 1#1: start worker process 22
2024/09/04 08:08:31 [notice] 1#1: start worker process 23
2024/09/11 12:05:10 [notice] 1#1: signal 3 (SIGQUIT) received, shutting down
2024/09/11 12:05:10 [notice] 20#20: gracefully shutting down
2024/09/11 12:05:10 [notice] 21#21: gracefully shutting down
2024/09/11 12:05:10 [notice] 22#22: gracefully shutting down
2024/09/11 12:05:10 [notice] 23#23: gracefully shutting down
2024/09/11 12:05:10 [notice] 22#22: exiting
2024/09/11 12:05:10 [notice] 21#21: exiting
2024/09/11 12:05:10 [notice] 20#20: exiting
2024/09/11 12:05:10 [notice] 23#23: exiting
2024/09/11 12:05:10 [notice] 20#20: exit
2024/09/11 12:05:10 [notice] 23#23: exit
2024/09/11 12:05:10 [notice] 21#21: exit
2024/09/11 12:05:10 [notice] 22#22: exit
2024/09/11 12:05:11 [notice] 1#1: signal 17 (SIGCHLD) received from 22
2024/09/11 12:05:11 [notice] 1#1: worker process 21 exited with code 0
2024/09/11 12:05:11 [notice] 1#1: worker process 22 exited with code 0
2024/09/11 12:05:11 [notice] 1#1: worker process 23 exited with code 0
2024/09/11 12:05:11 [notice] 1#1: signal 29 (SIGIO) received
2024/09/11 12:05:11 [notice] 1#1: signal 17 (SIGCHLD) received from 23
2024/09/11 12:05:11 [notice] 1#1: signal 17 (SIGCHLD) received from 20
2024/09/11 12:05:11 [notice] 1#1: worker process 20 exited with code 0
2024/09/11 12:05:11 [notice] 1#1: exit
2024/09/11 12:15:50 [notice] 1#1: using the "epoll" event method
2024/09/11 12:15:50 [notice] 1#1: nginx/1.25.4
2024/09/11 12:15:50 [notice] 1#1: built by gcc 12.2.0 (Debian 12.2.0-14) 
2024/09/11 12:15:50 [notice] 1#1: OS: Linux 5.10.0-17-amd64
2024/09/11 12:15:50 [notice] 1#1: getrlimit(RLIMIT_NOFILE): 1048576:1048576
2024/09/11 12:15:50 [notice] 1#1: start worker processes
2024/09/11 12:15:50 [notice] 1#1: start worker process 20
2024/09/11 12:15:50 [notice] 1#1: start worker process 21
2024/09/11 12:15:50 [notice] 1#1: start worker process 22
2024/09/11 12:15:50 [notice] 1#1: start worker process 23
2024/09/13 11:19:00 [notice] 1#1: signal 3 (SIGQUIT) received, shutting down
2024/09/13 11:19:00 [notice] 20#20: gracefully shutting down
2024/09/13 11:19:00 [notice] 22#22: gracefully shutting down
2024/09/13 11:19:00 [notice] 21#21: gracefully shutting down
2024/09/13 11:19:00 [notice] 20#20: exiting
2024/09/13 11:19:00 [notice] 22#22: exiting
2024/09/13 11:19:00 [notice] 21#21: exiting
2024/09/13 11:19:00 [notice] 20#20: exit
2024/09/13 11:19:00 [notice] 22#22: exit
2024/09/13 11:19:00 [notice] 21#21: exit
2024/09/13 11:19:00 [notice] 23#23: gracefully shutting down
2024/09/13 11:19:00 [notice] 23#23: exiting
2024/09/13 11:19:00 [notice] 23#23: exit
2024/09/13 11:19:03 [notice] 1#1: signal 17 (SIGCHLD) received from 22
2024/09/13 11:19:03 [notice] 1#1: worker process 20 exited with code 0
2024/09/13 11:19:03 [notice] 1#1: worker process 22 exited with code 0
2024/09/13 11:19:03 [notice] 1#1: signal 29 (SIGIO) received
2024/09/13 11:19:03 [notice] 1#1: signal 17 (SIGCHLD) received from 20
2024/09/13 11:19:03 [notice] 1#1: signal 17 (SIGCHLD) received from 23
2024/09/13 11:19:03 [notice] 1#1: worker process 23 exited with code 0
2024/09/13 11:19:03 [notice] 1#1: signal 29 (SIGIO) received
2024/09/13 11:19:03 [notice] 1#1: signal 17 (SIGCHLD) received from 21
2024/09/13 11:19:03 [notice] 1#1: worker process 21 exited with code 0
2024/09/13 11:19:03 [notice] 1#1: exit
2024/09/13 11:24:25 [notice] 1#1: using the "epoll" event method
2024/09/13 11:24:25 [notice] 1#1: nginx/1.25.4
2024/09/13 11:24:25 [notice] 1#1: built by gcc 12.2.0 (Debian 12.2.0-14) 
2024/09/13 11:24:25 [notice] 1#1: OS: Linux 5.10.0-17-amd64
2024/09/13 11:24:25 [notice] 1#1: getrlimit(RLIMIT_NOFILE): 1048576:1048576
2024/09/13 11:24:25 [notice] 1#1: start worker processes
2024/09/13 11:24:25 [notice] 1#1: start worker process 20
2024/09/13 11:24:25 [notice] 1#1: start worker process 21
2024/09/13 11:24:25 [notice] 1#1: start worker process 22
2024/09/13 11:24:25 [notice] 1#1: start worker process 23
2024/09/16 11:06:55 [emerg] 1#1: host not found in upstream "php" in /etc/nginx/conf.d/hosts.conf:11
2024/09/16 11:07:32 [notice] 1#1: using the "epoll" event method
2024/09/16 11:07:32 [notice] 1#1: nginx/1.25.4
2024/09/16 11:07:32 [notice] 1#1: built by gcc 12.2.0 (Debian 12.2.0-14) 
2024/09/16 11:07:32 [notice] 1#1: OS: Linux 5.10.0-17-amd64
2024/09/16 11:07:32 [notice] 1#1: getrlimit(RLIMIT_NOFILE): 1048576:1048576
2024/09/16 11:07:32 [notice] 1#1: start worker processes
2024/09/16 11:07:32 [notice] 1#1: start worker process 20
2024/09/16 11:07:32 [notice] 1#1: start worker process 21
2024/09/16 11:07:32 [notice] 1#1: start worker process 22
2024/09/16 11:07:32 [notice] 1#1: start worker process 23
2024/09/17 08:33:41 [notice] 1#1: using the "epoll" event method
2024/09/17 08:33:41 [notice] 1#1: nginx/1.25.4
2024/09/17 08:33:41 [notice] 1#1: built by gcc 12.2.0 (Debian 12.2.0-14) 
2024/09/17 08:33:41 [notice] 1#1: OS: Linux 6.1.0-17-amd64
2024/09/17 08:33:41 [notice] 1#1: getrlimit(RLIMIT_NOFILE): 1048576:1048576
2024/09/17 08:33:41 [notice] 1#1: start worker processes
2024/09/17 08:33:41 [notice] 1#1: start worker process 20
2024/09/17 08:33:41 [notice] 1#1: start worker process 21
2024/09/17 08:33:41 [notice] 1#1: start worker process 22
2024/09/17 08:33:41 [notice] 1#1: start worker process 23
2024/09/17 08:33:41 [notice] 1#1: start worker process 24
2024/09/17 08:33:41 [notice] 1#1: start worker process 25
